seamensor/build/outputs/logs/manifest-merger-debug-report.txt
-- Merging decision tree log ---
manifest
ADDED from src/main/AndroidManifest.xml:2:1-105:12
	package
		ADDED from src/main/AndroidManifest.xml:3:5-38
		INJECTED from src/main/AndroidManifest.xml
		INJECTED from src/main/AndroidManifest.xml
	android:versionName
		ADDED from src/main/AndroidManifest.xml:6:5-34
		INJECTED from src/main/AndroidManifest.xml
		INJECTED from src/main/AndroidManifest.xml
	xmlns:tools
		ADDED from src/main/AndroidManifest.xml:4:5-51
	android:versionCode
		ADDED from src/main/AndroidManifest.xml:5:5-28
		INJECTED from src/main/AndroidManifest.xml
		INJECTED from src/main/AndroidManifest.xml
	xmlns:android
		ADDED from src/main/AndroidManifest.xml:2:11-69
uses-sdk
ADDED from src/main/AndroidManifest.xml:8:5-10:41
MERGED from [seamensor_sdk_6_dj:metaioSDK:unspecified] AndroidManifest.xml:7:5-9:41
MERGED from [com.android.support:support-v4:24.0.0] AndroidManifest.xml:21:5-23:54
MERGED from [com.android.support:support-core-utils:24.2.0] AndroidManifest.xml:21:5-23:61
MERGED from [com.android.support:support-compat:24.2.0] AndroidManifest.xml:21:5-23:58
MERGED from [com.google.android.gms:play-services:7.0.0] AndroidManifest.xml:18:5-42
MERGED from [com.google.android.gms:play-services-ads:7.0.0] AndroidManifest.xml:18:5-42
MERGED from [com.google.android.gms:play-services-base:7.0.0] AndroidManifest.xml:18:5-42
MERGED from [com.google.android.gms:play-services-analytics:7.0.0] AndroidManifest.xml:18:5-42
MERGED from [com.google.android.gms:play-services-appindexing:7.0.0] AndroidManifest.xml:18:5-42
MERGED from [com.google.android.gms:play-services-appstate:7.0.0] AndroidManifest.xml:18:5-42
MERGED from [com.google.android.gms:play-services-cast:7.0.0] AndroidManifest.xml:18:5-42
MERGED from [com.google.android.gms:play-services-drive:7.0.0] AndroidManifest.xml:18:5-42
MERGED from [com.google.android.gms:play-services-fitness:7.0.0] AndroidManifest.xml:18:5-42
MERGED from [com.google.android.gms:play-services-location:7.0.0] AndroidManifest.xml:18:5-42
MERGED from [com.google.android.gms:play-services-maps:7.0.0] AndroidManifest.xml:18:5-42
MERGED from [com.google.android.gms:play-services-games:7.0.0] AndroidManifest.xml:18:5-42
MERGED from [com.google.android.gms:play-services-gcm:7.0.0] AndroidManifest.xml:18:5-42
MERGED from [com.google.android.gms:play-services-identity:7.0.0] AndroidManifest.xml:18:5-42
MERGED from [com.google.android.gms:play-services-nearby:7.0.0] AndroidManifest.xml:18:5-42
MERGED from [com.google.android.gms:play-services-panorama:7.0.0] AndroidManifest.xml:18:5-42
MERGED from [com.google.android.gms:play-services-plus:7.0.0] AndroidManifest.xml:18:5-42
MERGED from [com.google.android.gms:play-services-safetynet:7.0.0] AndroidManifest.xml:18:5-42
MERGED from [com.google.android.gms:play-services-wallet:7.0.0] AndroidManifest.xml:18:5-42
MERGED from [com.google.android.gms:play-services-wearable:7.0.0] AndroidManifest.xml:18:5-42
MERGED from [net.openid:appauth:0.3.0] AndroidManifest.xml:20:5-22:41
MERGED from [com.android.support:customtabs:24.0.0] AndroidManifest.xml:20:5-44
	tools:overrideLibrary
		ADDED from [com.android.support:support-v4:24.0.0] AndroidManifest.xml:23:9-51
	android:targetSdkVersion
		ADDED from src/main/AndroidManifest.xml:10:9-38
		INJECTED from src/main/AndroidManifest.xml
		INJECTED from src/main/AndroidManifest.xml
	android:minSdkVersion
		ADDED from src/main/AndroidManifest.xml:9:9-35
		INJECTED from src/main/AndroidManifest.xml
		INJECTED from src/main/AndroidManifest.xml
uses-permission#android.permission.CAMERA
ADDED from src/main/AndroidManifest.xml:12:5-65
	android:name
		ADDED from src/main/AndroidManifest.xml:12:22-62
uses-permission#android.permission.WRITE_EXTERNAL_STORAGE
ADDED from src/main/AndroidManifest.xml:13:5-81
	android:name
		ADDED from src/main/AndroidManifest.xml:13:22-78
uses-permission#android.permission.ACCESS_FINE_LOCATION
ADDED from src/main/AndroidManifest.xml:14:5-79
	android:name
		ADDED from src/main/AndroidManifest.xml:14:22-76
uses-permission#android.permission.LOCATION_HARDWARE
ADDED from src/main/AndroidManifest.xml:15:5-76
	android:name
		ADDED from src/main/AndroidManifest.xml:15:22-73
uses-permission#android.permission.ACCESS_LOCATION_EXTRA_COMMANDS
ADDED from src/main/AndroidManifest.xml:16:5-89
	android:name
		ADDED from src/main/AndroidManifest.xml:16:22-86
uses-permission#android.permission.MODIFY_AUDIO_SETTINGS
ADDED from src/main/AndroidManifest.xml:17:5-80
	android:name
		ADDED from src/main/AndroidManifest.xml:17:22-77
uses-permission#android.permission.INTERNET
ADDED from src/main/AndroidManifest.xml:18:5-67
MERGED from [net.openid:appauth:0.3.0] AndroidManifest.xml:24:5-67
	android:name
		ADDED from src/main/AndroidManifest.xml:18:22-64
uses-permission#android.permission.SET_TIME
ADDED from src/main/AndroidManifest.xml:19:5-67
	android:name
		ADDED from src/main/AndroidManifest.xml:19:22-64
uses-permission#android.permission.SET_TIME_ZONE
ADDED from src/main/AndroidManifest.xml:20:5-72
	android:name
		ADDED from src/main/AndroidManifest.xml:20:22-69
uses-permission#android.permission.SET_DEBUG_APP
ADDED from src/main/AndroidManifest.xml:21:5-72
	android:name
		ADDED from src/main/AndroidManifest.xml:21:22-69
uses-permission#android.permission.ACCESS_NETWORK_STATE
ADDED from src/main/AndroidManifest.xml:22:5-79
	android:name
		ADDED from src/main/AndroidManifest.xml:22:22-76
uses-permission#android.permission.ACCESS_WIFI_STATE
ADDED from src/main/AndroidManifest.xml:23:5-76
	android:name
		ADDED from src/main/AndroidManifest.xml:23:22-73
uses-permission#android.permission.CHANGE_WIFI_STATE
ADDED from src/main/AndroidManifest.xml:24:5-76
	android:name
		ADDED from src/main/AndroidManifest.xml:24:22-73
uses-permission#android.permission.WRITE_SETTINGS
ADDED from src/main/AndroidManifest.xml:25:5-73
	android:name
		ADDED from src/main/AndroidManifest.xml:25:22-70
uses-permission#android.permission.GET_ACCOUNTS
ADDED from src/main/AndroidManifest.xml:26:5-71
	android:name
		ADDED from src/main/AndroidManifest.xml:26:22-68
uses-permission#android.permission.MANAGE_ACCOUNTS
ADDED from src/main/AndroidManifest.xml:27:5-74
	android:name
		ADDED from src/main/AndroidManifest.xml:27:22-71
uses-permission#android.permission.AUTHENTICATE_ACCOUNTS
ADDED from src/main/AndroidManifest.xml:28:5-80
	android:name
		ADDED from src/main/AndroidManifest.xml:28:22-77
uses-permission#android.permission.USE_CREDENTIALS
ADDED from src/main/AndroidManifest.xml:29:5-74
	android:name
		ADDED from src/main/AndroidManifest.xml:29:22-71
uses-feature#android.hardware.location.gps
ADDED from src/main/AndroidManifest.xml:31:5-66
	android:name
		ADDED from src/main/AndroidManifest.xml:31:19-63
application
ADDED from src/main/AndroidManifest.xml:33:5-103:19
MERGED from [com.android.support:support-v4:24.0.0] AndroidManifest.xml:25:5-20
MERGED from [com.android.support:support-core-utils:24.2.0] AndroidManifest.xml:25:5-20
MERGED from [com.android.support:support-compat:24.2.0] AndroidManifest.xml:25:5-20
MERGED from [com.google.android.gms:play-services:7.0.0] AndroidManifest.xml:19:5-20
MERGED from [com.google.android.gms:play-services-ads:7.0.0] AndroidManifest.xml:19:5-20
MERGED from [com.google.android.gms:play-services-base:7.0.0] AndroidManifest.xml:20:5-24:19
MERGED from [com.google.android.gms:play-services-analytics:7.0.0] AndroidManifest.xml:19:5-20
MERGED from [com.google.android.gms:play-services-appindexing:7.0.0] AndroidManifest.xml:19:5-20
MERGED from [com.google.android.gms:play-services-appstate:7.0.0] AndroidManifest.xml:19:5-20
MERGED from [com.google.android.gms:play-services-cast:7.0.0] AndroidManifest.xml:19:5-20
MERGED from [com.google.android.gms:play-services-drive:7.0.0] AndroidManifest.xml:19:5-20
MERGED from [com.google.android.gms:play-services-fitness:7.0.0] AndroidManifest.xml:19:5-20
MERGED from [com.google.android.gms:play-services-location:7.0.0] AndroidManifest.xml:19:5-20
MERGED from [com.google.android.gms:play-services-maps:7.0.0] AndroidManifest.xml:19:5-20
MERGED from [com.google.android.gms:play-services-games:7.0.0] AndroidManifest.xml:19:5-20
MERGED from [com.google.android.gms:play-services-gcm:7.0.0] AndroidManifest.xml:19:5-20
MERGED from [com.google.android.gms:play-services-identity:7.0.0] AndroidManifest.xml:19:5-20
MERGED from [com.google.android.gms:play-services-nearby:7.0.0] AndroidManifest.xml:19:5-20
MERGED from [com.google.android.gms:play-services-panorama:7.0.0] AndroidManifest.xml:19:5-20
MERGED from [com.google.android.gms:play-services-plus:7.0.0] AndroidManifest.xml:19:5-20
MERGED from [com.google.android.gms:play-services-safetynet:7.0.0] AndroidManifest.xml:19:5-20
MERGED from [com.google.android.gms:play-services-wallet:7.0.0] AndroidManifest.xml:19:5-20
MERGED from [com.google.android.gms:play-services-wearable:7.0.0] AndroidManifest.xml:19:5-20
MERGED from [com.android.support:customtabs:24.0.0] AndroidManifest.xml:22:5-20
	android:label
		ADDED from src/main/AndroidManifest.xml:36:9-41
	android:hardwareAccelerated
		ADDED from src/main/AndroidManifest.xml:37:9-43
	android:allowBackup
		ADDED from src/main/AndroidManifest.xml:34:9-35
	android:icon
		ADDED from src/main/AndroidManifest.xml:39:9-45
	android:largeHeap
		ADDED from src/main/AndroidManifest.xml:38:9-33
	android:theme
		ADDED from src/main/AndroidManifest.xml:40:9-48
	tools:replace
		ADDED from src/main/AndroidManifest.xml:35:9-38
activity#com.seamensor.seamensor.MainActivity
ADDED from src/main/AndroidManifest.xml:42:9-52:20
	android:screenOrientation
		ADDED from src/main/AndroidManifest.xml:45:13-50
	android:label
		ADDED from src/main/AndroidManifest.xml:47:13-45
	android:configChanges
		ADDED from src/main/AndroidManifest.xml:44:13-170
	android:theme
		ADDED from src/main/AndroidManifest.xml:46:13-52
	android:name
		ADDED from src/main/AndroidManifest.xml:43:13-64
intent-filter#android.intent.action.MAIN+android.intent.category.LAUNCHER
ADDED from src/main/AndroidManifest.xml:48:13-51:29
action#android.intent.action.MAIN
ADDED from src/main/AndroidManifest.xml:49:17-69
	android:name
		ADDED from src/main/AndroidManifest.xml:49:25-66
category#android.intent.category.LAUNCHER
ADDED from src/main/AndroidManifest.xml:50:17-77
	android:name
		ADDED from src/main/AndroidManifest.xml:50:27-74
activity#com.seamensor.seamensor.seamensor
ADDED from src/main/AndroidManifest.xml:53:9-60:20
	android:screenOrientation
		ADDED from src/main/AndroidManifest.xml:57:13-50
	android:permission
		ADDED from src/main/AndroidManifest.xml:58:13-61
	android:configChanges
		ADDED from src/main/AndroidManifest.xml:55:13-170
	android:theme
		ADDED from src/main/AndroidManifest.xml:56:13-52
	android:name
		ADDED from src/main/AndroidManifest.xml:54:13-61
activity#com.seamensor.seamensor.smc
ADDED from src/main/AndroidManifest.xml:61:9-67:20
	android:screenOrientation
		ADDED from src/main/AndroidManifest.xml:65:13-50
	android:configChanges
		ADDED from src/main/AndroidManifest.xml:63:13-170
	android:theme
		ADDED from src/main/AndroidManifest.xml:64:13-52
	android:name
		ADDED from src/main/AndroidManifest.xml:62:13-55
activity#com.seamensor.seamensor.MymensorAuthenticatorActivity
ADDED from src/main/AndroidManifest.xml:68:9-79:20
	android:screenOrientation
		ADDED from src/main/AndroidManifest.xml:72:13-50
	android:configChanges
		ADDED from src/main/AndroidManifest.xml:70:13-170
	android:theme
		ADDED from src/main/AndroidManifest.xml:71:13-52
	android:name
		ADDED from src/main/AndroidManifest.xml:69:13-81
intent-filter#android.intent.action.VIEW+android.intent.category.BROWSABLE+android.intent.category.DEFAULT
ADDED from src/main/AndroidManifest.xml:73:13-78:29
action#android.intent.action.VIEW
ADDED from src/main/AndroidManifest.xml:74:17-69
	android:name
		ADDED from src/main/AndroidManifest.xml:74:25-66
category#android.intent.category.DEFAULT
ADDED from src/main/AndroidManifest.xml:75:17-76
	android:name
		ADDED from src/main/AndroidManifest.xml:75:27-73
category#android.intent.category.BROWSABLE
ADDED from src/main/AndroidManifest.xml:76:17-78
	android:name
		ADDED from src/main/AndroidManifest.xml:76:27-75
data
ADDED from src/main/AndroidManifest.xml:77:17-79
	android:host
		ADDED from src/main/AndroidManifest.xml:77:57-77
	android:scheme
		ADDED from src/main/AndroidManifest.xml:77:23-56
activity#com.dropbox.sync.android.DbxAuthActivity
ADDED from src/main/AndroidManifest.xml:80:9-77
	android:name
		ADDED from src/main/AndroidManifest.xml:80:19-74
activity#com.dropbox.client2.android.AuthActivity
ADDED from src/main/AndroidManifest.xml:81:3-90:14
	android:launchMode
		ADDED from src/main/AndroidManifest.xml:83:6-37
	android:name
		ADDED from src/main/AndroidManifest.xml:82:6-61
service#com.dropbox.sync.android.DbxSyncService
ADDED from src/main/AndroidManifest.xml:91:3-95:36
	android:enabled
		ADDED from src/main/AndroidManifest.xml:93:6-28
	android:label
		ADDED from src/main/AndroidManifest.xml:95:5-33
	android:exported
		ADDED from src/main/AndroidManifest.xml:94:6-30
	android:name
		ADDED from src/main/AndroidManifest.xml:92:6-60
service#com.amazonaws.mobileconnectors.s3.transferutility.TransferService
ADDED from src/main/AndroidManifest.xml:96:9-98:38
	android:enabled
		ADDED from src/main/AndroidManifest.xml:98:13-35
	android:name
		ADDED from src/main/AndroidManifest.xml:97:13-93
meta-data#com.google.android.gms.version
ADDED from src/main/AndroidManifest.xml:100:9-102:69
MERGED from [com.google.android.gms:play-services-base:7.0.0] AndroidManifest.xml:21:9-23:69
	android:value
		ADDED from src/main/AndroidManifest.xml:102:13-66
	android:name
		ADDED from src/main/AndroidManifest.xml:101:13-58